<?xml version="1.0" encoding="UTF-8"?>
<!-- Generated by org.testng.reporters.JUnitXMLReporter -->
<testsuite hostname="kishore-raven" ignored="2" name="Test" tests="1" failures="0" timestamp="2021-02-14T10:19:25 IST" time="7.87" errors="0">
  <testcase name="validNewBikes" time="2.63" classname="com.IndentifyNewBike.Test.ZigWheelsTest"/>
  <testcase name="getBikeDetails" time="0.0" classname="com.IndentifyNewBike.Test.ZigWheelsTest">
    <ignored/>
  </testcase> <!-- getBikeDetails -->
  <testcase name="validUpcommingBikes" time="0.0" classname="com.IndentifyNewBike.Test.ZigWheelsTest">
    <ignored/>
  </testcase> <!-- validUpcommingBikes -->
</testsuite> <!-- Test -->
