<?xml version="1.0" encoding="UTF-8"?>
<!-- Generated by org.testng.reporters.JUnitXMLReporter -->
<testsuite hostname="kishore-raven" ignored="0" name="Regression Suite" tests="10" failures="0" timestamp="2021-02-15T19:55:46 IST" time="271.923" errors="0">
  <testcase name="validNewBikes" time="0.221" classname="com.IndentifyNewBike.Test.ZigWheelsTest"/>
  <testcase name="validUpcommingBikes" time="5.36" classname="com.IndentifyNewBike.Test.ZigWheelsTest"/>
  <testcase name="validateHonda" time="3.372" classname="com.IndentifyNewBike.Test.ZigWheelsTest"/>
  <testcase name="getBikeDetails" time="14.406" classname="com.IndentifyNewBike.Test.ZigWheelsTest"/>
  <testcase name="validUserCaars" time="79.09" classname="com.IndentifyNewBike.Test.UsedCarsTest"/>
  <testcase name="validChennai" time="136.123" classname="com.IndentifyNewBike.Test.UsedCarsTest"/>
  <testcase name="extractcarDetails" time="0.343" classname="com.IndentifyNewBike.Test.UsedCarsTest"/>
  <testcase name="validLoginButton" time="0.956" classname="com.IndentifyNewBike.Test.loginTest"/>
  <testcase name="validGoogleLoginButton" time="5.482" classname="com.IndentifyNewBike.Test.loginTest"/>
  <testcase name="captureMessage" time="4.151" classname="com.IndentifyNewBike.Test.loginTest"/>
</testsuite> <!-- Regression Suite -->
