<?xml version="1.0" encoding="UTF-8"?>
<!-- Generated by org.testng.reporters.JUnitXMLReporter -->
<testsuite hostname="kishore-raven" ignored="0" name="Regression Suite" tests="3" failures="0" timestamp="2021-02-18T17:00:54 IST" time="42.577" errors="0">
  <testcase name="validLoginButton" time="0.453" classname="com.IndentifyNewBike.Test.loginTest"/>
  <testcase name="validGoogleLoginButton" time="5.817" classname="com.IndentifyNewBike.Test.loginTest"/>
  <testcase name="captureMessage" time="9.143" classname="com.IndentifyNewBike.Test.loginTest"/>
</testsuite> <!-- Regression Suite -->
