<?xml version="1.0" encoding="UTF-8"?>
<!-- Generated by org.testng.reporters.JUnitXMLReporter -->
<testsuite hostname="kishore-raven" ignored="6" name="Smoke Suite" tests="4" failures="0" timestamp="2021-02-18T11:27:23 IST" time="149.143" errors="0">
  <testcase name="validNewBikes" time="0.447" classname="com.IndentifyNewBike.Test.UpcomingBikes"/>
  <testcase name="validUpcommingBikes" time="10.428" classname="com.IndentifyNewBike.Test.UpcomingBikes"/>
  <testcase name="validUserCaars" time="13.259" classname="com.IndentifyNewBike.Test.UsedCarsTest"/>
  <testcase name="validLoginButton" time="0.832" classname="com.IndentifyNewBike.Test.loginTest"/>
  <testcase name="extractcarDetails" time="0.0" classname="com.IndentifyNewBike.Test.UsedCarsTest">
    <ignored/>
  </testcase> <!-- extractcarDetails -->
  <testcase name="validChennai" time="0.0" classname="com.IndentifyNewBike.Test.UsedCarsTest">
    <ignored/>
  </testcase> <!-- validChennai -->
  <testcase name="validateHonda" time="0.0" classname="com.IndentifyNewBike.Test.UpcomingBikes">
    <ignored/>
  </testcase> <!-- validateHonda -->
  <testcase name="getBikeDetails" time="0.0" classname="com.IndentifyNewBike.Test.UpcomingBikes">
    <ignored/>
  </testcase> <!-- getBikeDetails -->
  <testcase name="validGoogleLoginButton" time="0.0" classname="com.IndentifyNewBike.Test.loginTest">
    <ignored/>
  </testcase> <!-- validGoogleLoginButton -->
  <testcase name="captureMessage" time="0.0" classname="com.IndentifyNewBike.Test.loginTest">
    <ignored/>
  </testcase> <!-- captureMessage -->
</testsuite> <!-- Smoke Suite -->
