<?xml version="1.0" encoding="UTF-8"?>
<!-- Generated by org.testng.reporters.JUnitXMLReporter -->
<testsuite hostname="kishore-raven" ignored="6" name="Smoke Suite" tests="4" failures="0" timestamp="2021-02-15T12:54:36 IST" time="34.31" errors="0">
  <testcase name="validNewBikes" time="0.267" classname="com.IndentifyNewBike.Test.ZigWheelsTest"/>
  <testcase name="validUpcommingBikes" time="2.232" classname="com.IndentifyNewBike.Test.ZigWheelsTest"/>
  <testcase name="validUserCaars" time="8.335" classname="com.IndentifyNewBike.Test.UsedCarsTest"/>
  <testcase name="validLoginButton" time="0.422" classname="com.IndentifyNewBike.Test.loginTest"/>
  <testcase name="extractcarDetails" time="0.0" classname="com.IndentifyNewBike.Test.UsedCarsTest">
    <ignored/>
  </testcase> <!-- extractcarDetails -->
  <testcase name="validChennai" time="0.0" classname="com.IndentifyNewBike.Test.UsedCarsTest">
    <ignored/>
  </testcase> <!-- validChennai -->
  <testcase name="validGoogleLoginButton" time="0.0" classname="com.IndentifyNewBike.Test.loginTest">
    <ignored/>
  </testcase> <!-- validGoogleLoginButton -->
  <testcase name="validateHonda" time="0.0" classname="com.IndentifyNewBike.Test.ZigWheelsTest">
    <ignored/>
  </testcase> <!-- validateHonda -->
  <testcase name="getBikeDetails" time="0.0" classname="com.IndentifyNewBike.Test.ZigWheelsTest">
    <ignored/>
  </testcase> <!-- getBikeDetails -->
  <testcase name="captureMessage" time="0.0" classname="com.IndentifyNewBike.Test.loginTest">
    <ignored/>
  </testcase> <!-- captureMessage -->
</testsuite> <!-- Smoke Suite -->
