<?xml version="1.0" encoding="UTF-8"?>
<testng-results skipped="0" failed="0" ignored="0" total="1" passed="1">
  <reporter-output>
    <line>
      <![CDATA[Couldn't find your Google Account]]>
    </line>
  </reporter-output>
  <suite name="Default suite" duration-ms="13996" started-at="2021-02-11T08:29:29 IST" finished-at="2021-02-11T08:29:43 IST">
    <groups>
    </groups>
    <test name="Default test" duration-ms="13996" started-at="2021-02-11T08:29:29 IST" finished-at="2021-02-11T08:29:43 IST">
      <class name="com.IndentifyNewBike.Test.loginTest">
        <test-method status="PASS" signature="getUserDetails()[pri:0, instance:com.IndentifyNewBike.Test.loginTest@1f7030a6]" name="getUserDetails" is-config="true" duration-ms="4735" started-at="2021-02-11T08:29:29 IST" finished-at="2021-02-11T08:29:34 IST">
          <reporter-output>
          </reporter-output>
        </test-method> <!-- getUserDetails -->
        <test-method status="PASS" signature="googleLogin()[pri:0, instance:com.IndentifyNewBike.Test.loginTest@1f7030a6]" name="googleLogin" duration-ms="9166" started-at="2021-02-11T08:29:34 IST" finished-at="2021-02-11T08:29:43 IST">
          <reporter-output>
            <line>
              <![CDATA[Couldn't find your Google Account]]>
            </line>
          </reporter-output>
        </test-method> <!-- googleLogin -->
      </class> <!-- com.IndentifyNewBike.Test.loginTest -->
    </test> <!-- Default test -->
  </suite> <!-- Default suite -->
</testng-results>
