<?xml version="1.0" encoding="UTF-8"?>
<!-- Generated by org.testng.reporters.JUnitReportReporter -->
<testsuite skipped="0" hostname="kishore-raven" name="com.IndentifyNewBike.Test.ZigWheelsTest" tests="3" failures="0" timestamp="2021-02-11T07:27:56 IST" time="28.415" errors="0">
  <testcase name="validUpcommingBikes" time="12.171" classname="com.IndentifyNewBike.Test.ZigWheelsTest"/>
  <system-out/>
  <testcase name="validNewBikes" time="2.616" classname="com.IndentifyNewBike.Test.ZigWheelsTest"/>
  <system-out/>
  <testcase name="getBikeDetails" time="13.628" classname="com.IndentifyNewBike.Test.ZigWheelsTest"/>
  <system-out>
Rs. 1.2 lakh
Honda PCX160 Exp. Launch : June 2021  Rs. 1.4 lakh
Honda Hornet 2.0 Adventure Exp. Launch : September 2021  Rs. 1.45 lakh
Honda PCX Electric Exp. Launch : July 2021  Rs. 1.6 lakh
Honda CBR150R Exp. Launch : October 2022  Rs. 2.1 lakh
Honda CB350X Scrambler Exp. Launch : 16 Feb 2021  Rs. 2.3 lakh
Honda Rebel 300 Exp. Launch : August 2021  Rs. 2.41 lakh
Honda CB300R Exp. Launch : May 2021  Rs. 3.0 lakh
Honda CBR300R Exp. Launch : August 2021   </system-out>
</testsuite> <!-- com.IndentifyNewBike.Test.ZigWheelsTest -->
