<?xml version="1.0" encoding="UTF-8"?>
<!-- Generated by org.testng.reporters.JUnitReportReporter -->
<testsuite skipped="0" hostname="kishore-raven" name="com.IndentifyNewBike.Test.loginTest" tests="4" failures="0" timestamp="2021-02-18T10:03:13 IST" time="13.139" errors="0">
  <testcase name="validLoginButton" time="0.598" classname="com.IndentifyNewBike.Test.loginTest"/>
  <system-out/>
  <testcase name="validLoginButton" time="0.891" classname="com.IndentifyNewBike.Test.loginTest"/>
  <system-out/>
  <testcase name="validGoogleLoginButton" time="5.470" classname="com.IndentifyNewBike.Test.loginTest"/>
  <system-out/>
  <testcase name="captureMessage" time="6.180" classname="com.IndentifyNewBike.Test.loginTest"/>
  <system-out>
Couldn't find your Google Account  </system-out>
</testsuite> <!-- com.IndentifyNewBike.Test.loginTest -->
