<?xml version="1.0" encoding="UTF-8"?>
<!-- Generated by org.testng.reporters.JUnitReportReporter -->
<testsuite skipped="0" hostname="kishore-raven" name="com.IndentifyNewBike.Test.loginTest" tests="4" failures="0" timestamp="2021-02-18T09:36:11 IST" time="11.691" errors="0">
  <testcase name="validLoginButton" time="0.709" classname="com.IndentifyNewBike.Test.loginTest"/>
  <system-out/>
  <testcase name="validLoginButton" time="0.419" classname="com.IndentifyNewBike.Test.loginTest"/>
  <system-out/>
  <testcase name="validGoogleLoginButton" time="5.883" classname="com.IndentifyNewBike.Test.loginTest"/>
  <system-out/>
  <testcase name="captureMessage" time="4.680" classname="com.IndentifyNewBike.Test.loginTest"/>
  <system-out>
Couldn't find your Google Account  </system-out>
</testsuite> <!-- com.IndentifyNewBike.Test.loginTest -->
