<?xml version="1.0" encoding="UTF-8"?>
<!-- Generated by org.testng.reporters.JUnitReportReporter -->
<testsuite skipped="0" hostname="kishore-raven" name="com.IndentifyNewBike.Test.UsedCarsTest" tests="4" failures="0" timestamp="2021-02-15T12:56:07 IST" time="24.460" errors="0">
  <testcase name="validUserCaars" time="8.335" classname="com.IndentifyNewBike.Test.UsedCarsTest"/>
  <system-out/>
  <testcase name="validUserCaars" time="11.516" classname="com.IndentifyNewBike.Test.UsedCarsTest"/>
  <system-out/>
  <testcase name="validChennai" time="3.255" classname="com.IndentifyNewBike.Test.UsedCarsTest"/>
  <system-out/>
  <testcase name="extractcarDetails" time="1.354" classname="com.IndentifyNewBike.Test.UsedCarsTest"/>
  <system-out>
Hyundai I10
Hyundai Santro Xing
Mahindra XUV500
Toyota Fortuner
Toyota Innova
Honda City
Maruti 800
Maruti Alto
Maruti Swift
Maruti Swift Dzire  </system-out>
</testsuite> <!-- com.IndentifyNewBike.Test.UsedCarsTest -->
