<?xml version="1.0" encoding="UTF-8"?>
<!-- Generated by org.testng.reporters.JUnitReportReporter -->
<testsuite skipped="0" hostname="kishore-raven" name="com.IndentifyNewBike.Test.UpcomingBikes" tests="6" failures="0" timestamp="2021-02-18T11:35:11 IST" time="89.593" errors="0">
  <testcase name="validNewBikes" time="0.759" classname="com.IndentifyNewBike.Test.UpcomingBikes"/>
  <system-out/>
  <testcase name="validNewBikes" time="0.447" classname="com.IndentifyNewBike.Test.UpcomingBikes"/>
  <system-out/>
  <testcase name="validUpcommingBikes" time="6.639" classname="com.IndentifyNewBike.Test.UpcomingBikes"/>
  <system-out/>
  <testcase name="validUpcommingBikes" time="10.428" classname="com.IndentifyNewBike.Test.UpcomingBikes"/>
  <system-out/>
  <testcase name="validateHonda" time="29.382" classname="com.IndentifyNewBike.Test.UpcomingBikes"/>
  <system-out/>
  <testcase name="getBikeDetails" time="41.938" classname="com.IndentifyNewBike.Test.UpcomingBikes"/>
  <system-out>
Rs. 1.2 lakh
Honda PCX160 Exp. Launch : June 2021 Rs. 1.4 lakh
Honda Hornet 2.0 Adventure Exp. Launch : September 2021 Rs. 1.45 lakh
Honda PCX Electric Exp. Launch : July 2021 Rs. 1.6 lakh
Honda CBR150R Exp. Launch : October 2022 Rs. 2.3 lakh
Honda Rebel 300 Exp. Launch : August 2021 Rs. 2.41 lakh
Honda CB300R Exp. Launch : May 2021 Rs. 3.0 lakh
Honda CBR300R Exp. Launch : August 2021  </system-out>
</testsuite> <!-- com.IndentifyNewBike.Test.UpcomingBikes -->
